<?xml version="1.0" encoding="UTF-8"?>
<testng-results ignored="0" total="3" passed="3" failed="0" skipped="0">
  <reporter-output>
  </reporter-output>
  <suite started-at="2023-07-07T12:10:53 IST" name="Default suite" finished-at="2023-07-07T12:11:07 IST" duration-ms="14049">
    <groups>
    </groups>
    <test started-at="2023-07-07T12:10:53 IST" name="Default test" finished-at="2023-07-07T12:11:07 IST" duration-ms="14049">
      <class name="BaseTest">
        <test-method signature="testGETAPI()[pri:0, instance:BaseTest@4c371370]" started-at="2023-07-07T12:10:53 IST" name="testGETAPI" finished-at="2023-07-07T12:10:58 IST" duration-ms="4719" status="PASS">
          <reporter-output>
          </reporter-output>
        </test-method> <!-- testGETAPI -->
        <test-method signature="testPATCHAPI()[pri:0, instance:BaseTest@4c371370]" started-at="2023-07-07T12:10:58 IST" name="testPATCHAPI" finished-at="2023-07-07T12:11:03 IST" duration-ms="4999" status="PASS">
          <reporter-output>
          </reporter-output>
        </test-method> <!-- testPATCHAPI -->
        <test-method signature="testPUTAPI()[pri:0, instance:BaseTest@4c371370]" started-at="2023-07-07T12:11:03 IST" name="testPUTAPI" finished-at="2023-07-07T12:11:07 IST" duration-ms="4063" status="PASS">
          <reporter-output>
          </reporter-output>
        </test-method> <!-- testPUTAPI -->
      </class> <!-- BaseTest -->
    </test> <!-- Default test -->
  </suite> <!-- Default suite -->
</testng-results>
